<?xml version="1.0" encoding="UTF-8"?>
<!-- Generated by org.testng.reporters.JUnitReportReporter -->
<testsuite hostname="ENINDSPRM060" failures="0" tests="2" name="tests.Tests" time="5.076" errors="0" timestamp="2023-11-23T14:25:06 IST" skipped="0">
  <testcase classname="tests.Tests" name="SampleTest" time="0.004"/>
  <testcase classname="tests.Tests" name="testOne" time="5.072"/>
</testsuite> <!-- tests.Tests -->
