<?xml version="1.0" encoding="UTF-8"?>
<!-- Generated by org.testng.reporters.JUnitReportReporter -->
<testsuite hostname="ENINDSPRM060" failures="0" tests="1" name="tests.BaseClass" time="0.007" errors="0" timestamp="2023-11-23T14:14:12 IST" skipped="0">
  <testcase classname="tests.BaseClass" name="sampleTest" time="0.007"/>
</testsuite> <!-- tests.BaseClass -->
